Running in Lattice mode


Starting:    C:\ispLEVER_Classic2_0\synpbase\win64\mbin\synbatch.exe
Install:     C:\ispLEVER_Classic2_0\synpbase
Date:        Wed Sep 12 10:39:02 2018
Version:     I-2014.03LC 

Arguments:   -product synplify_pro  -batch u:/byggern/gal\adress_decoder.prj
ProductType: synplify_pro





log file: "U:\byggern\gal\adress_decoder.srr"

Running adress_decoder|gal

Running: Compile on adress_decoder|gal

Running: Compile Process on adress_decoder|gal

Running: Compile Input on adress_decoder|gal
compiler exited with errors
Job: "compiler" terminated with error status: 2.
See log file: "U:\byggern\gal\adress_decoder.srr"
Return Code: 2
Run Time:0h:00m:00s
Copied U:\byggern\gal\adress_decoder.srr to U:\byggern\gal\adress_decoder.srf

exit status=2

exit status=2

